<?xml version="1.0" encoding="UTF-8"?>
<!-- Generated by org.testng.reporters.JUnitReportReporter -->
<testsuite hostname="ETMUM-LT031" name="com.seleniumhq.net.SampleDataProvider" tests="3" failures="0" timestamp="22 Jul 2015 16:02:32 GMT" time="0.016" errors="0">
  <testcase name="sampleTest" time="0.001" classname="com.seleniumhq.net.SampleDataProvider"/>
  <testcase name="sampleTest" time="0.014" classname="com.seleniumhq.net.SampleDataProvider"/>
  <testcase name="sampleTest" time="0.001" classname="com.seleniumhq.net.SampleDataProvider"/>
</testsuite> <!-- com.seleniumhq.net.SampleDataProvider -->
