<?xml version="1.0" encoding="UTF-8"?>
<!-- Generated by org.testng.reporters.JUnitReportReporter -->
<testsuite hostname="ETMUM-LT031" name="SamplesTest" tests="2" failures="0" timestamp="22 Jul 2015 15:11:27 GMT" time="0.013" errors="0">
  <testcase name="sampleTest1" time="0.001" classname="SamplesTest"/>
  <testcase name="sampleTest1" time="0.012" classname="SamplesTest"/>
</testsuite> <!-- SamplesTest -->
